2025-09-17 13:05:57,197 - INFO - 正在生成市场监控报告...
2025-09-17 13:05:57,197 - INFO - 报告生成完成: market_monitor_report.md
2025-09-17 13:05:57,197 - INFO - market_monitor_report.md 内容: # 市场情绪与技术指标监控报告

生成日期: 2025-09-17 13:05:57

## 推荐基金技术指标 (处理基金数: 5)
| 基金代码 | 最新净值 | RSI | 净值/MA50 | 投资建议 |
|----------|----------|-----|-----------|----------|
| 013370 | 数据获取失败 | - | - | 观察 |
| 006888 | 数据获取失败 | - | - | 观察 |
| 020692 | 数据获取失败 | - | - | 观察 |
| 011892 | 数据获取失败 | - | - | 观察 |
| 009492 | 数据获取失败 | - | - | 观察 |

2025-09-17 13:05:57,197 - INFO - 脚本执行完成
2025-09-17 13:22:46,908 - INFO - 脚本启动
2025-09-17 13:22:46,908 - INFO - 正在解析 analysis_report.md 获取推荐基金代码...
2025-09-17 13:22:46,909 - INFO - analysis_report.md 内容（前1000字符）: --- 批量基金分析报告 ---

生成日期: 2025-09-17 15:31:43

--- 汇总结果 ---

### 推荐基金

|   fund_code | fund_name                |   score |
|------------:|:-------------------------|--------:|
|      007509 | 华商润丰灵活配置混合C              |      63 |
|      014728 | 易方达成长动力混合C               |      60 |
|      015690 | 富国中小盘精选混合C               |      60 |
|      015692 | 富国通胀通缩主题轮动混合C            |      59 |
|      015715 | 富国成长动力混合C                |      58 |
|      002771 | 安信新回报混合C                 |      57 |
|      014318 | 广发价值领航一年持有混合C            |      57 |
|      015686 | 富国新兴产业股票C                |      57 |
|      015144 | 中欧智能制造混合C                |      57 |
|      020671 | 易方达上证科创板芯片指数发起式C         |      54 |
|      018836 | 广发成长启航混合C                |      54 |
|      002170 | 东吴移动互联混合C                |      54 |
|      019924 | 华泰柏瑞中证2000指数增强C          |      54 |
|      020477 | 泰康半导体量化选股股票发起式C          |      54 |
|      020629 | 汇添富上证科创板芯片ETF发起式联接C      |      54 |
|      019514 | 交银荣鑫灵活配置混合C   
2025-09-17 13:22:46,910 - INFO - 提取到 10 个推荐基金（测试限制前10个）: ['011270', '018216', '016068', '018121', '018326', '008087', '016531', '006523', '019830', '017518']
2025-09-17 13:22:46,910 - INFO - 开始获取 10 个基金的数据...
2025-09-17 13:22:46,910 - INFO - 处理第 1/10 个基金: 011270
2025-09-17 13:22:46,910 - INFO - 正在获取基金 011270 的净值数据...
2025-09-17 13:22:48,810 - ERROR - API 抓取基金 011270 失败: Expecting value: line 1 column 1 (char 0)
2025-09-17 13:22:48,812 - WARNING - 基金 011270 数据获取失败或数据不足，跳过计算 (数据行数: 0)
2025-09-17 13:22:50,116 - INFO - 处理第 2/10 个基金: 018216
2025-09-17 13:22:50,116 - INFO - 正在获取基金 018216 的净值数据...
2025-09-17 13:22:51,342 - ERROR - API 抓取基金 018216 失败: Expecting value: line 1 column 1 (char 0)
2025-09-17 13:22:51,344 - WARNING - 基金 018216 数据获取失败或数据不足，跳过计算 (数据行数: 0)
2025-09-17 13:22:52,699 - INFO - 处理第 3/10 个基金: 016068
2025-09-17 13:22:52,699 - INFO - 正在获取基金 016068 的净值数据...
2025-09-17 13:22:53,752 - ERROR - API 抓取基金 016068 失败: Expecting value: line 1 column 1 (char 0)
2025-09-17 13:22:53,754 - WARNING - 基金 016068 数据获取失败或数据不足，跳过计算 (数据行数: 0)
2025-09-17 13:22:55,087 - INFO - 处理第 4/10 个基金: 018121
2025-09-17 13:22:55,087 - INFO - 正在获取基金 018121 的净值数据...
2025-09-17 13:22:56,232 - ERROR - API 抓取基金 018121 失败: Expecting value: line 1 column 1 (char 0)
2025-09-17 13:22:56,234 - WARNING - 基金 018121 数据获取失败或数据不足，跳过计算 (数据行数: 0)
2025-09-17 13:22:57,683 - INFO - 处理第 5/10 个基金: 018326
2025-09-17 13:22:57,683 - INFO - 正在获取基金 018326 的净值数据...
2025-09-17 13:22:58,857 - ERROR - API 抓取基金 018326 失败: Expecting value: line 1 column 1 (char 0)
2025-09-17 13:22:58,858 - WARNING - 基金 018326 数据获取失败或数据不足，跳过计算 (数据行数: 0)
2025-09-17 13:22:59,826 - INFO - 处理第 6/10 个基金: 008087
2025-09-17 13:22:59,826 - INFO - 正在获取基金 008087 的净值数据...
2025-09-17 13:23:01,050 - ERROR - API 抓取基金 008087 失败: Expecting value: line 1 column 1 (char 0)
2025-09-17 13:23:01,052 - WARNING - 基金 008087 数据获取失败或数据不足，跳过计算 (数据行数: 0)
2025-09-17 13:23:02,115 - INFO - 处理第 7/10 个基金: 016531
2025-09-17 13:23:02,115 - INFO - 正在获取基金 016531 的净值数据...
2025-09-17 13:23:03,416 - ERROR - API 抓取基金 016531 失败: Expecting value: line 1 column 1 (char 0)
2025-09-17 13:23:03,418 - WARNING - 基金 016531 数据获取失败或数据不足，跳过计算 (数据行数: 0)
2025-09-17 13:23:04,474 - INFO - 处理第 8/10 个基金: 006523
2025-09-17 13:23:04,475 - INFO - 正在获取基金 006523 的净值数据...
2025-09-17 13:23:05,713 - ERROR - API 抓取基金 006523 失败: Expecting value: line 1 column 1 (char 0)
2025-09-17 13:23:05,715 - WARNING - 基金 006523 数据获取失败或数据不足，跳过计算 (数据行数: 0)
2025-09-17 13:23:06,464 - INFO - 处理第 9/10 个基金: 019830
2025-09-17 13:23:06,465 - INFO - 正在获取基金 019830 的净值数据...
2025-09-17 13:23:07,720 - ERROR - API 抓取基金 019830 失败: Expecting value: line 1 column 1 (char 0)
2025-09-17 13:23:07,722 - WARNING - 基金 019830 数据获取失败或数据不足，跳过计算 (数据行数: 0)
2025-09-17 13:23:08,284 - INFO - 处理第 10/10 个基金: 017518
2025-09-17 13:23:08,285 - INFO - 正在获取基金 017518 的净值数据...
2025-09-17 13:23:09,503 - ERROR - API 抓取基金 017518 失败: Expecting value: line 1 column 1 (char 0)
2025-09-17 13:23:09,505 - WARNING - 基金 017518 数据获取失败或数据不足，跳过计算 (数据行数: 0)
2025-09-17 13:23:10,254 - INFO - 正在生成市场监控报告...
2025-09-17 13:23:10,254 - INFO - 报告生成完成: market_monitor_report.md
2025-09-17 13:23:10,255 - INFO - market_monitor_report.md 内容: # 市场情绪与技术指标监控报告

生成日期: 2025-09-17 13:23:10

## 推荐基金技术指标 (处理基金数: 10)
| 基金代码 | 最新净值 | RSI | 净值/MA50 | 投资建议 |
|----------|----------|-----|-----------|----------|
| 011270 | 数据获取失败 | - | - | 观察 |
| 018216 | 数据获取失败 | - | - | 观察 |
| 016068 | 数据获取失败 | - | - | 观察 |
| 018121 | 数据获取失败 | - | - | 观察 |
| 018326 | 数据获取失败 | - | - | 观察 |
| 008087 | 数据获取失败 | - | - | 观察 |
| 016531 | 数据获取失败 | - | - | 观察 |
| 006523 | 数据获取失败 | - | - | 观察 |
| 019830 | 数据获取失败 | - | - | 观察 |
| 017518 | 数据获取失败 | - | - | 观察 |

2025-09-17 13:23:10,255 - INFO - 脚本执行完成
2025-09-17 14:12:51,084 - INFO - 脚本启动
2025-09-17 14:12:51,084 - INFO - 正在解析 analysis_report.md 获取推荐基金代码...
2025-09-17 14:12:51,085 - INFO - analysis_report.md 内容（前1000字符）: --- 批量基金分析报告 ---

生成日期: 2025-09-17 15:31:43

--- 汇总结果 ---

### 推荐基金

|   fund_code | fund_name                |   score |
|------------:|:-------------------------|--------:|
|      007509 | 华商润丰灵活配置混合C              |      63 |
|      014728 | 易方达成长动力混合C               |      60 |
|      015690 | 富国中小盘精选混合C               |      60 |
|      015692 | 富国通胀通缩主题轮动混合C            |      59 |
|      015715 | 富国成长动力混合C                |      58 |
|      002771 | 安信新回报混合C                 |      57 |
|      014318 | 广发价值领航一年持有混合C            |      57 |
|      015686 | 富国新兴产业股票C                |      57 |
|      015144 | 中欧智能制造混合C                |      57 |
|      020671 | 易方达上证科创板芯片指数发起式C         |      54 |
|      018836 | 广发成长启航混合C                |      54 |
|      002170 | 东吴移动互联混合C                |      54 |
|      019924 | 华泰柏瑞中证2000指数增强C          |      54 |
|      020477 | 泰康半导体量化选股股票发起式C          |      54 |
|      020629 | 汇添富上证科创板芯片ETF发起式联接C      |      54 |
|      019514 | 交银荣鑫灵活配置混合C   
2025-09-17 14:12:52,362 - INFO - 基金代码 012322 有效
2025-09-17 14:12:53,623 - INFO - 基金代码 005963 有效
2025-09-17 14:12:54,920 - INFO - 基金代码 018082 有效
2025-09-17 14:12:58,581 - INFO - 基金代码 017461 有效
2025-09-17 14:12:59,766 - INFO - 基金代码 011892 有效
2025-09-17 14:13:01,342 - INFO - 基金代码 017560 有效
2025-09-17 14:13:02,928 - INFO - 基金代码 013153 有效
2025-09-17 14:13:04,326 - INFO - 基金代码 017484 有效
2025-09-17 14:13:05,660 - INFO - 基金代码 014332 有效
2025-09-17 14:13:06,895 - INFO - 基金代码 013239 有效
2025-09-17 14:13:08,185 - INFO - 基金代码 008021 有效
2025-09-17 14:13:09,938 - INFO - 基金代码 011487 有效
2025-09-17 14:13:11,086 - INFO - 基金代码 017520 有效
2025-09-17 14:13:12,303 - INFO - 基金代码 015686 有效
2025-09-17 14:13:13,135 - INFO - 基金代码 018227 有效
2025-09-17 14:13:14,545 - INFO - 基金代码 013370 有效
2025-09-17 14:13:16,268 - INFO - 基金代码 018113 有效
2025-09-17 14:13:17,723 - INFO - 基金代码 016068 有效
2025-09-17 14:13:18,742 - INFO - 基金代码 011020 有效
2025-09-17 14:13:20,419 - INFO - 基金代码 006503 有效
2025-09-17 14:13:21,758 - INFO - 基金代码 020592 有效
2025-09-17 14:13:23,070 - INFO - 基金代码 019170 有效
2025-09-17 14:13:24,145 - INFO - 基金代码 008586 有效
2025-09-17 14:13:25,442 - INFO - 基金代码 017489 有效
2025-09-17 14:13:26,750 - INFO - 基金代码 009492 有效
2025-09-17 14:13:28,164 - INFO - 基金代码 021934 有效
2025-09-17 14:13:32,017 - INFO - 基金代码 018326 有效
2025-09-17 14:13:33,746 - INFO - 基金代码 016373 有效
2025-09-17 14:13:34,817 - INFO - 基金代码 015857 有效
2025-09-17 14:13:35,822 - INFO - 基金代码 020692 有效
2025-09-17 14:13:37,016 - INFO - 基金代码 021523 有效
2025-09-17 14:13:41,671 - INFO - 基金代码 015152 有效
2025-09-17 14:13:47,568 - WARNING - 验证基金代码 010524 失败: HTTPConnectionPool(host='fund.eastmoney.com', port=80): Read timed out. (read timeout=5)
2025-09-17 14:13:49,088 - INFO - 基金代码 014601 有效
2025-09-17 14:13:50,154 - INFO - 基金代码 011452 有效
2025-09-17 14:13:51,440 - INFO - 基金代码 008087 有效
2025-09-17 14:13:52,823 - INFO - 基金代码 007114 有效
2025-09-17 14:13:54,030 - INFO - 基金代码 015916 有效
2025-09-17 14:13:55,498 - INFO - 基金代码 005118 有效
2025-09-17 14:13:57,945 - INFO - 基金代码 014037 有效
2025-09-17 14:14:00,108 - INFO - 基金代码 011145 有效
2025-09-17 14:14:02,607 - INFO - 基金代码 020671 有效
2025-09-17 14:14:03,802 - INFO - 基金代码 010238 有效
2025-09-17 14:14:05,112 - INFO - 基金代码 007356 有效
2025-09-17 14:14:06,615 - INFO - 基金代码 014419 有效
2025-09-17 14:14:07,747 - INFO - 基金代码 012457 有效
2025-09-17 14:14:09,175 - INFO - 基金代码 014939 有效
2025-09-17 14:14:10,259 - INFO - 基金代码 019024 有效
2025-09-17 14:14:11,503 - INFO - 基金代码 020900 有效
2025-09-17 14:14:12,941 - INFO - 基金代码 017747 有效
2025-09-17 14:14:14,599 - INFO - 基金代码 019213 有效
2025-09-17 14:14:15,588 - INFO - 基金代码 021528 有效
2025-09-17 14:14:16,724 - INFO - 基金代码 014544 有效
2025-09-17 14:14:17,826 - INFO - 基金代码 015881 有效
2025-09-17 14:14:19,044 - INFO - 基金代码 015608 有效
2025-09-17 14:14:19,933 - INFO - 基金代码 001724 有效
2025-09-17 14:14:21,371 - INFO - 基金代码 015683 有效
2025-09-17 14:14:22,625 - INFO - 基金代码 011120 有效
2025-09-17 14:14:23,748 - INFO - 基金代码 015751 有效
2025-09-17 14:14:25,287 - INFO - 基金代码 167507 有效
2025-09-17 14:14:26,443 - INFO - 基金代码 018933 有效
2025-09-17 14:14:27,888 - INFO - 基金代码 017745 有效
2025-09-17 14:14:29,816 - INFO - 基金代码 018216 有效
2025-09-17 14:14:31,219 - INFO - 基金代码 009856 有效
2025-09-17 14:14:32,584 - INFO - 基金代码 006523 有效
2025-09-17 14:14:33,822 - INFO - 基金代码 018359 有效
2025-09-17 14:14:35,517 - INFO - 基金代码 009063 有效
2025-09-17 14:14:37,608 - INFO - 基金代码 019416 有效
2025-09-17 14:14:39,239 - INFO - 基金代码 017612 有效
2025-09-17 14:14:40,285 - INFO - 基金代码 011840 有效
2025-09-17 14:14:41,325 - INFO - 基金代码 010034 有效
2025-09-17 14:14:42,178 - INFO - 基金代码 021299 有效
2025-09-17 14:14:43,222 - INFO - 基金代码 018957 有效
2025-09-17 14:14:44,651 - INFO - 基金代码 015715 有效
2025-09-17 14:14:46,415 - INFO - 基金代码 017968 有效
2025-09-17 14:14:47,634 - INFO - 基金代码 006888 有效
2025-09-17 14:14:48,828 - INFO - 基金代码 002170 有效
2025-09-17 14:14:51,869 - INFO - 基金代码 016234 有效
2025-09-17 14:14:54,310 - INFO - 基金代码 015271 有效
2025-09-17 14:14:55,643 - INFO - 基金代码 019830 有效
2025-09-17 14:14:56,778 - INFO - 基金代码 012800 有效
2025-09-17 14:14:57,898 - INFO - 基金代码 014642 有效
2025-09-17 14:14:59,406 - INFO - 基金代码 011412 有效
2025-09-17 14:15:00,485 - INFO - 基金代码 010052 有效
2025-09-17 14:15:02,564 - INFO - 基金代码 016371 有效
2025-09-17 14:15:03,157 - INFO - 基金代码 010422 有效
2025-09-17 14:15:04,890 - INFO - 基金代码 012478 有效
2025-09-17 14:15:05,797 - INFO - 基金代码 018836 有效
2025-09-17 14:15:07,095 - INFO - 基金代码 019671 有效
2025-09-17 14:15:08,523 - INFO - 基金代码 016463 有效
2025-09-17 14:15:10,059 - INFO - 基金代码 005312 有效
2025-09-17 14:15:11,916 - INFO - 基金代码 012617 有效
2025-09-17 14:15:13,015 - INFO - 基金代码 012697 有效
2025-09-17 14:15:14,657 - INFO - 基金代码 013722 有效
2025-09-17 14:15:15,731 - INFO - 基金代码 014262 有效
2025-09-17 14:15:17,058 - INFO - 基金代码 008843 有效
2025-09-17 14:15:18,127 - INFO - 基金代码 015849 有效
2025-09-17 14:15:19,737 - INFO - 基金代码 010416 有效
2025-09-17 14:15:20,986 - INFO - 基金代码 009645 有效
2025-09-17 14:15:22,314 - INFO - 基金代码 015369 有效
2025-09-17 14:15:23,370 - INFO - 基金代码 021500 有效
2025-09-17 14:15:26,206 - INFO - 基金代码 007771 有效
2025-09-17 14:15:27,919 - INFO - 基金代码 015692 有效
2025-09-17 14:15:28,757 - INFO - 基金代码 014728 有效
2025-09-17 14:15:30,052 - INFO - 基金代码 014916 有效
2025-09-17 14:15:31,322 - INFO - 基金代码 016251 有效
2025-09-17 14:15:32,393 - INFO - 基金代码 007509 有效
2025-09-17 14:15:36,929 - INFO - 基金代码 019331 有效
2025-09-17 14:15:38,656 - INFO - 基金代码 017528 有效
2025-09-17 14:15:39,720 - INFO - 基金代码 016971 有效
2025-09-17 14:15:41,927 - INFO - 基金代码 007818 有效
2025-09-17 14:15:44,731 - INFO - 基金代码 010531 有效
2025-09-17 14:15:46,318 - INFO - 基金代码 015642 有效
2025-09-17 14:15:50,790 - INFO - 基金代码 011372 有效
2025-09-17 14:15:52,410 - INFO - 基金代码 017076 有效
2025-09-17 14:15:55,009 - INFO - 基金代码 016531 有效
2025-09-17 14:15:55,963 - INFO - 基金代码 020635 有效
2025-09-17 14:15:56,877 - INFO - 基金代码 019458 有效
2025-09-17 14:15:58,328 - INFO - 基金代码 017366 有效
2025-09-17 14:15:59,234 - INFO - 基金代码 014320 有效
2025-09-17 14:16:00,348 - INFO - 基金代码 012536 有效
2025-09-17 14:16:01,460 - INFO - 基金代码 019018 有效
2025-09-17 14:16:02,559 - INFO - 基金代码 018129 有效
2025-09-17 14:16:03,967 - INFO - 基金代码 005959 有效
2025-09-17 14:16:05,599 - INFO - 基金代码 015456 有效
2025-09-17 14:16:06,565 - INFO - 基金代码 020829 有效
2025-09-17 14:16:07,502 - INFO - 基金代码 021475 有效
2025-09-17 14:16:08,595 - INFO - 基金代码 019865 有效
2025-09-17 14:16:10,330 - INFO - 基金代码 017524 有效
2025-09-17 14:16:11,696 - INFO - 基金代码 018288 有效
2025-09-17 14:16:13,048 - INFO - 基金代码 011306 有效
2025-09-17 14:16:14,647 - INFO - 基金代码 010647 有效
2025-09-17 14:16:15,660 - INFO - 基金代码 021608 有效
2025-09-17 14:16:17,124 - INFO - 基金代码 011370 有效
2025-09-17 14:16:19,193 - INFO - 基金代码 020477 有效
2025-09-17 14:16:20,306 - INFO - 基金代码 020227 有效
2025-09-17 14:16:21,702 - INFO - 基金代码 017522 有效
2025-09-17 14:16:22,843 - INFO - 基金代码 016076 有效
2025-09-17 14:16:24,009 - INFO - 基金代码 019053 有效
2025-09-17 14:16:25,174 - INFO - 基金代码 011270 有效
2025-09-17 14:16:26,164 - INFO - 基金代码 014243 有效
2025-09-17 14:16:27,186 - INFO - 基金代码 017290 有效
2025-09-17 14:16:28,639 - INFO - 基金代码 017518 有效
2025-09-17 14:16:29,927 - INFO - 基金代码 014417 有效
2025-09-17 14:16:31,343 - INFO - 基金代码 011223 有效
2025-09-17 14:16:33,401 - INFO - 基金代码 015690 有效
2025-09-17 14:16:36,458 - INFO - 基金代码 014130 有效
2025-09-17 14:16:37,911 - INFO - 基金代码 019190 有效
2025-09-17 14:16:39,111 - INFO - 基金代码 015144 有效
2025-09-17 14:16:40,411 - INFO - 基金代码 018994 有效
2025-09-17 14:16:41,637 - INFO - 基金代码 021031 有效
2025-09-17 14:16:42,859 - INFO - 基金代码 009009 有效
2025-09-17 14:16:46,427 - INFO - 基金代码 014581 有效
2025-09-17 14:16:47,729 - INFO - 基金代码 017854 有效
2025-09-17 14:16:49,129 - INFO - 基金代码 019924 有效
2025-09-17 14:16:52,365 - INFO - 基金代码 015097 有效
2025-09-17 14:16:53,340 - INFO - 基金代码 019994 有效
2025-09-17 14:16:54,509 - INFO - 基金代码 014143 有效
2025-09-17 14:16:55,950 - INFO - 基金代码 008327 有效
2025-09-17 14:16:56,956 - INFO - 基金代码 012651 有效
2025-09-17 14:17:00,600 - INFO - 基金代码 008989 有效
2025-09-17 14:17:01,578 - INFO - 基金代码 020398 有效
2025-09-17 14:17:02,977 - INFO - 基金代码 002163 有效
2025-09-17 14:17:04,074 - INFO - 基金代码 002580 有效
2025-09-17 14:17:05,562 - INFO - 基金代码 018121 有效
2025-09-17 14:17:06,696 - INFO - 基金代码 015968 有效
2025-09-17 14:17:07,786 - INFO - 基金代码 019703 有效
2025-09-17 14:17:08,946 - INFO - 基金代码 002112 有效
2025-09-17 14:17:09,908 - INFO - 基金代码 002771 有效
2025-09-17 14:17:11,034 - INFO - 基金代码 016461 有效
2025-09-17 14:17:13,624 - INFO - 基金代码 011197 有效
2025-09-17 14:17:15,512 - INFO - 基金代码 005551 有效
2025-09-17 14:17:16,601 - INFO - 基金代码 018731 有效
2025-09-17 14:17:17,929 - INFO - 基金代码 017470 有效
2025-09-17 14:17:18,886 - INFO - 基金代码 020662 有效
2025-09-17 14:17:20,251 - INFO - 基金代码 015044 有效
2025-09-17 14:17:21,633 - INFO - 基金代码 017513 有效
2025-09-17 14:17:23,179 - INFO - 基金代码 017836 有效
2025-09-17 14:17:24,250 - INFO - 基金代码 011036 有效
2025-09-17 14:17:25,054 - INFO - 基金代码 017516 有效
2025-09-17 14:17:26,545 - INFO - 基金代码 001407 有效
2025-09-17 14:17:27,369 - INFO - 基金代码 017511 有效
2025-09-17 14:17:28,779 - INFO - 基金代码 019786 有效
2025-09-17 14:17:30,158 - INFO - 基金代码 020629 有效
2025-09-17 14:17:32,594 - INFO - 基金代码 016919 有效
2025-09-17 14:17:33,565 - INFO - 基金代码 018123 有效
2025-09-17 14:17:34,653 - INFO - 基金代码 018495 有效
2025-09-17 14:17:36,773 - INFO - 基金代码 015576 有效
2025-09-17 14:17:38,342 - INFO - 基金代码 002052 有效
2025-09-17 14:17:40,861 - INFO - 基金代码 018241 有效
2025-09-17 14:17:41,827 - INFO - 基金代码 019348 有效
2025-09-17 14:17:43,213 - INFO - 基金代码 012083 有效
2025-09-17 14:17:44,390 - INFO - 基金代码 009708 有效
2025-09-17 14:17:46,364 - INFO - 基金代码 012734 有效
2025-09-17 14:17:47,490 - INFO - 基金代码 519771 有效
2025-09-17 14:17:48,972 - INFO - 基金代码 018125 有效
2025-09-17 14:17:50,414 - INFO - 基金代码 011833 有效
2025-09-17 14:17:52,097 - INFO - 基金代码 019514 有效
2025-09-17 14:17:53,504 - INFO - 基金代码 021490 有效
2025-09-17 14:17:54,966 - INFO - 基金代码 012224 有效
2025-09-17 14:17:56,363 - INFO - 基金代码 014318 有效
2025-09-17 14:17:57,515 - INFO - 基金代码 017491 有效
2025-09-17 14:17:58,436 - INFO - 基金代码 018986 有效
2025-09-17 14:17:59,472 - INFO - 基金代码 018115 有效
2025-09-17 14:18:05,183 - WARNING - 验证基金代码 016244 失败: HTTPConnectionPool(host='fund.eastmoney.com', port=80): Read timed out. (read timeout=5)
2025-09-17 14:18:06,361 - INFO - 基金代码 015290 有效
2025-09-17 14:18:07,967 - INFO - 基金代码 009239 有效
2025-09-17 14:18:09,509 - INFO - 基金代码 015389 有效
2025-09-17 14:18:11,022 - INFO - 基金代码 017103 有效
2025-09-17 14:18:12,219 - INFO - 基金代码 017526 有效
2025-09-17 14:18:13,387 - INFO - 基金代码 010392 有效
2025-09-17 14:18:13,897 - INFO - 提取到 10 个有效基金（测试限制前10个）: ['012322', '005963', '018082', '017461', '011892', '017560', '013153', '017484', '014332', '013239']
2025-09-17 14:18:13,898 - INFO - 开始获取 10 个基金的数据...
2025-09-17 14:18:13,898 - INFO - 处理第 1/10 个基金: 012322
2025-09-17 14:18:13,898 - INFO - 正在通过 API 获取基金 012322 的净值数据...
2025-09-17 14:18:14,767 - ERROR - 解析基金 012322 的 API 响应失败: API 返回数据中没有找到历史净值列表
2025-09-17 14:18:14,767 - ERROR - 处理基金 012322 时发生异常: API 返回数据中没有找到历史净值列表
2025-09-17 14:18:14,767 - INFO - 处理第 2/10 个基金: 005963
2025-09-17 14:18:14,767 - INFO - 正在通过 API 获取基金 005963 的净值数据...
2025-09-17 14:18:15,242 - ERROR - 解析基金 005963 的 API 响应失败: API 返回数据中没有找到历史净值列表
2025-09-17 14:18:15,242 - ERROR - 处理基金 005963 时发生异常: API 返回数据中没有找到历史净值列表
2025-09-17 14:18:15,242 - INFO - 处理第 3/10 个基金: 018082
2025-09-17 14:18:15,242 - INFO - 正在通过 API 获取基金 018082 的净值数据...
2025-09-17 14:18:15,759 - ERROR - 解析基金 018082 的 API 响应失败: API 返回数据中没有找到历史净值列表
2025-09-17 14:18:15,759 - ERROR - 处理基金 018082 时发生异常: API 返回数据中没有找到历史净值列表
2025-09-17 14:18:15,759 - INFO - 处理第 4/10 个基金: 017461
2025-09-17 14:18:15,759 - INFO - 正在通过 API 获取基金 017461 的净值数据...
2025-09-17 14:18:17,272 - ERROR - 解析基金 017461 的 API 响应失败: API 返回数据中没有找到历史净值列表
2025-09-17 14:18:17,272 - ERROR - 处理基金 017461 时发生异常: API 返回数据中没有找到历史净值列表
2025-09-17 14:18:17,272 - INFO - 处理第 5/10 个基金: 011892
2025-09-17 14:18:17,272 - INFO - 正在通过 API 获取基金 011892 的净值数据...
2025-09-17 14:18:17,735 - ERROR - 解析基金 011892 的 API 响应失败: API 返回数据中没有找到历史净值列表
2025-09-17 14:18:17,735 - ERROR - 处理基金 011892 时发生异常: API 返回数据中没有找到历史净值列表
2025-09-17 14:18:17,735 - INFO - 处理第 6/10 个基金: 017560
2025-09-17 14:18:17,735 - INFO - 正在通过 API 获取基金 017560 的净值数据...
2025-09-17 14:18:18,227 - ERROR - 解析基金 017560 的 API 响应失败: API 返回数据中没有找到历史净值列表
2025-09-17 14:18:18,228 - ERROR - 处理基金 017560 时发生异常: API 返回数据中没有找到历史净值列表
2025-09-17 14:18:18,228 - INFO - 处理第 7/10 个基金: 013153
2025-09-17 14:18:18,228 - INFO - 正在通过 API 获取基金 013153 的净值数据...
2025-09-17 14:18:18,692 - ERROR - 解析基金 013153 的 API 响应失败: API 返回数据中没有找到历史净值列表
2025-09-17 14:18:18,692 - ERROR - 处理基金 013153 时发生异常: API 返回数据中没有找到历史净值列表
2025-09-17 14:18:18,692 - INFO - 处理第 8/10 个基金: 017484
2025-09-17 14:18:18,692 - INFO - 正在通过 API 获取基金 017484 的净值数据...
2025-09-17 14:18:19,188 - ERROR - 解析基金 017484 的 API 响应失败: API 返回数据中没有找到历史净值列表
2025-09-17 14:18:19,189 - ERROR - 处理基金 017484 时发生异常: API 返回数据中没有找到历史净值列表
2025-09-17 14:18:19,189 - INFO - 处理第 9/10 个基金: 014332
2025-09-17 14:18:19,189 - INFO - 正在通过 API 获取基金 014332 的净值数据...
2025-09-17 14:18:19,655 - ERROR - 解析基金 014332 的 API 响应失败: API 返回数据中没有找到历史净值列表
2025-09-17 14:18:19,655 - ERROR - 处理基金 014332 时发生异常: API 返回数据中没有找到历史净值列表
2025-09-17 14:18:19,655 - INFO - 处理第 10/10 个基金: 013239
2025-09-17 14:18:19,655 - INFO - 正在通过 API 获取基金 013239 的净值数据...
2025-09-17 14:18:20,142 - ERROR - 解析基金 013239 的 API 响应失败: API 返回数据中没有找到历史净值列表
2025-09-17 14:18:20,142 - ERROR - 处理基金 013239 时发生异常: API 返回数据中没有找到历史净值列表
2025-09-17 14:18:20,142 - INFO - 正在生成市场监控报告...
2025-09-17 14:18:20,142 - INFO - 报告生成完成: market_monitor_report.md
2025-09-17 14:18:20,143 - INFO - market_monitor_report.md 内容: # 市场情绪与技术指标监控报告

生成日期: 2025-09-17 14:18:20

## 推荐基金技术指标 (处理基金数: 10)
| 基金代码 | 最新净值 | RSI | 净值/MA50 | 投资建议 |
|----------|----------|-----|-----------|----------|
| 012322 | 数据获取失败 | - | - | 观察 |
| 005963 | 数据获取失败 | - | - | 观察 |
| 018082 | 数据获取失败 | - | - | 观察 |
| 017461 | 数据获取失败 | - | - | 观察 |
| 011892 | 数据获取失败 | - | - | 观察 |
| 017560 | 数据获取失败 | - | - | 观察 |
| 013153 | 数据获取失败 | - | - | 观察 |
| 017484 | 数据获取失败 | - | - | 观察 |
| 014332 | 数据获取失败 | - | - | 观察 |
| 013239 | 数据获取失败 | - | - | 观察 |

2025-09-17 14:18:20,143 - INFO - 脚本执行完成
